           _                 _    
  __ _  __| |_ __ __ _ _ __ | |_  
 / _` |/ _` | '__/ _` | '_ \| __| 
| (_| | (_| | | | (_| | | | | |_  
 \__, |\__,_|_|  \__,_|_| |_|\__| 
    |_|                           

Version: 1.11.4, build: d8b6e4a0
Access web UI at http://localhost:6333/dashboard

2024-09-23T16:08:39.947420Z  INFO storage::content_manager::consensus::persistent: Loading raft state from ./storage/raft_state.json    
2024-09-23T16:08:39.950155Z DEBUG storage::content_manager::consensus::persistent: State: Persistent { state: RaftState { hard_state: HardState { term: 0, vote: 0, commit: 0 }, conf_state: ConfState { voters: [4119359878953627], learners: [], voters_outgoing: [], learners_next: [], auto_leave: false } }, latest_snapshot_meta: SnapshotMetadataSer { term: 0, index: 0 }, apply_progress_queue: EntryApplyProgressQueue(None), peer_address_by_id: RwLock { data: {} }, peer_metadata_by_id: RwLock { data: {} }, cluster_metadata: {}, this_peer_id: 4119359878953627, path: "./storage/raft_state.json", dirty: false }    
2024-09-23T16:08:39.994752Z  INFO storage::content_manager::toc: Loading collection: default    
2024-09-23T16:08:40.188826Z  INFO collection::shards::local_shard: Recovering collection default: 0/1 (0%)    
2024-09-23T16:08:40.256763Z  INFO collection::shards::local_shard: Recovered collection default: 1/1 (100%)    
2024-09-23T16:08:40.266478Z DEBUG qdrant: Loaded collection: default    
2024-09-23T16:08:40.266521Z  INFO qdrant: Distributed mode disabled    
2024-09-23T16:08:40.267021Z  INFO qdrant: Telemetry reporting disabled    
2024-09-23T16:08:40.267772Z DEBUG qdrant: Waiting for thread web to finish    
2024-09-23T16:08:40.271075Z  WARN qdrant::actix::web_ui: Static content folder for Web UI './static' does not exist    
2024-09-23T16:08:40.271929Z  INFO qdrant::actix: TLS disabled for REST API    
2024-09-23T16:08:40.273377Z  INFO qdrant::actix: Qdrant HTTP listening on 6333    
2024-09-23T16:08:40.273991Z  INFO actix_server::builder: Starting 11 workers
2024-09-23T16:08:40.274026Z  INFO actix_server::server: Actix runtime found; starting in Actix runtime
2024-09-23T16:08:40.280124Z  INFO qdrant::tonic: Qdrant gRPC listening on 6334    
2024-09-23T16:08:40.280158Z  INFO qdrant::tonic: TLS disabled for gRPC API    
2024-09-23T16:08:49.908515Z  INFO storage::content_manager::toc::collection_meta_ops: Deleting collection default    
2024-09-23T16:08:49.910505Z DEBUG collection::update_handler: Stopping flush worker.    
2024-09-23T16:08:49.918652Z  INFO actix_web::middleware::logger: 127.0.0.1 "DELETE /collections/default HTTP/1.1" 200 47 "-" "curl/7.81.0" 0.013598    
2024-09-23T16:09:09.047538Z DEBUG storage::content_manager::snapshots::recover: Downloading snapshot from file:///home/vansh/gaianet/qdrant/snapshots/default/default.snapshot to /home/vansh/gaianet/qdrant/./snapshots/tmp/download-tCC7Rp    
2024-09-23T16:09:09.047668Z DEBUG storage::content_manager::snapshots::recover: Snapshot downloaded to /home/vansh/gaianet/qdrant/snapshots/default/default.snapshot    
2024-09-23T16:09:09.048537Z DEBUG storage::content_manager::snapshots::recover: Recovering collection default from snapshot /home/vansh/gaianet/qdrant/snapshots/default/default.snapshot    
2024-09-23T16:09:09.048562Z DEBUG storage::content_manager::snapshots::recover: Unpacking snapshot to /home/vansh/gaianet/qdrant/./storage/tmp/col-default-recovery-Zz93cA    
2024-09-23T16:09:11.690160Z DEBUG storage::content_manager::snapshots::recover: Collection default does not exist, creating it    
2024-09-23T16:09:11.690730Z  INFO storage::content_manager::toc::collection_meta_ops: Creating collection default    
2024-09-23T16:09:12.384295Z DEBUG collection::collection: Changing shard default:0 replica state from Some(Initializing) to Active    
2024-09-23T16:09:12.384344Z DEBUG collection::shards::replica_set: Changing local shard default:0 state from Some(Initializing) to Active    
2024-09-23T16:09:12.399775Z DEBUG storage::content_manager::snapshots::recover: Recovering shard 0 from /home/vansh/gaianet/qdrant/./storage/tmp/col-default-recovery-Zz93cA/0    
2024-09-23T16:09:12.400765Z DEBUG collection::update_handler: Stopping flush worker.    
2024-09-23T16:09:12.761160Z  INFO collection::shards::local_shard: Recovering collection default: 0/30 (0%)    
2024-09-23T16:09:12.953888Z  INFO collection::shards::local_shard: Recovered collection default: 30/30 (100%)    
2024-09-23T16:09:12.956959Z DEBUG storage::content_manager::snapshots::recover: Activating shard 0 of collection default locally    
2024-09-23T16:09:12.956999Z DEBUG collection::collection: Changing shard default:0 replica state from Some(Active) to Active    
2024-09-23T16:09:12.957007Z DEBUG collection::shards::replica_set: Changing local shard default:0 state from Some(Active) to Active    
2024-09-23T16:09:12.975504Z  INFO actix_web::middleware::logger: 127.0.0.1 "POST /collections/default/snapshots/upload?priority=snapshot HTTP/1.1" 200 48 "-" "curl/7.81.0" 4.497567    
2024-09-23T16:09:18.013736Z DEBUG qdrant::tonic: Stopping gRPC service on SIGTERM    
2024-09-23T16:09:18.013827Z  INFO actix_server::server: SIGTERM received; starting graceful shutdown
2024-09-23T16:09:18.013944Z  INFO actix_server::worker: Shutting down idle worker
2024-09-23T16:09:18.013956Z  INFO actix_server::worker: Shutting down idle worker
2024-09-23T16:09:18.013966Z DEBUG actix_server::accept: Paused accepting connections on 127.0.0.1:6333
2024-09-23T16:09:18.013979Z  INFO actix_server::worker: Shutting down idle worker
2024-09-23T16:09:18.013988Z  INFO actix_server::accept: Accept thread stopped
2024-09-23T16:09:18.013996Z  INFO actix_server::worker: Shutting down idle worker
2024-09-23T16:09:18.014047Z  INFO actix_server::worker: Shutting down idle worker
2024-09-23T16:09:18.014070Z  INFO actix_server::worker: Shutting down idle worker
2024-09-23T16:09:18.014077Z  INFO actix_server::worker: Shutting down idle worker
2024-09-23T16:09:18.014042Z  INFO actix_server::worker: Shutting down idle worker
2024-09-23T16:09:18.014016Z  INFO actix_server::worker: Shutting down idle worker
2024-09-23T16:09:18.014771Z  INFO actix_server::worker: Shutting down idle worker
2024-09-23T16:09:18.014853Z  INFO actix_server::worker: Shutting down idle worker
2024-09-23T16:09:18.318137Z DEBUG qdrant: Waiting for thread grpc to finish    
2024-09-23T16:09:18.319096Z DEBUG collection::update_handler: Stopping flush worker.    
